File created on 07/08/2022 at 02:20:09.236

[07/08/2022 - 03:33:39.156 DEBUG] (\localModules\someFunctions.js:261:12): oauthResult,[object Response]
[07/08/2022 - 03:33:43.063 DEBUG] (\localModules\someFunctions.js:261:12): oauthResult,[object Response]
[07/08/2022 - 03:33:51.705 DEBUG] (\localModules\someFunctions.js:261:12): oauthResult,[object Response]
[07/08/2022 - 03:34:08.985 DEBUG] (\localModules\someFunctions.js:261:12): oauthResult,[object Response]
[07/08/2022 - 03:34:40.329 DEBUG] (\localModules\someFunctions.js:261:12): oauthResult,[object Response]
[07/08/2022 - 03:35:04.915 DEBUG] (\localModules\someFunctions.js:261:12): oauthResult,[object Response]
[07/08/2022 - 03:35:12.211 DEBUG] (\localModules\someFunctions.js:261:12): oauthResult,[object Response]
[07/08/2022 - 03:39:29.766 DEBUG] (\localModules\someFunctions.js:261:12): oauthResult,[object Response]
[07/08/2022 - 03:39:32.989 DEBUG] (\localModules\someFunctions.js:261:12): oauthResult,[object Response]
[07/08/2022 - 03:39:53.696 DEBUG] (\localModules\someFunctions.js:261:12): oauthResult,[object Response]
[07/08/2022 - 03:41:12.665 DEBUG] (\localModules\someFunctions.js:261:12): oauthResult,[object Response]
[07/08/2022 - 03:41:22.766 DEBUG] (\localModules\someFunctions.js:261:12): oauthResult,[object Response]
[07/08/2022 - 03:42:30.011 DEBUG] (\localModules\someFunctions.js:261:12): oauthResult,[object Response]
[07/08/2022 - 03:42:34.341 DEBUG] (\localModules\someFunctions.js:261:12): oauthResult,[object Response]
[07/08/2022 - 03:44:07.176 DEBUG] (\localModules\someFunctions.js:261:12): oauthResult,[object Response]
[07/08/2022 - 03:44:38.339 DEBUG] (\localModules\someFunctions.js:261:12): oauthResult,[object Response]
[07/08/2022 - 03:45:24.263 DEBUG] (\localModules\someFunctions.js:242:12): 1005628956965343253,
[07/08/2022 - 03:45:24.569 DEBUG] (\localModules\someFunctions.js:263:12): oauthResult,[object Response]
[07/08/2022 - 03:47:02.396 DEBUG] (\localModules\someFunctions.js:261:12): oauthResult,[object Response]
[07/08/2022 - 03:47:07.405 DEBUG] (\localModules\someFunctions.js:261:12): oauthResult,[object Response]
[07/08/2022 - 03:47:25.230 DEBUG] (\localModules\someFunctions.js:261:12): oauthResult,[object Response]
[07/08/2022 - 03:47:49.425 DEBUG] (\localModules\someFunctions.js:242:12): 1005628956965343253,clK8z3wJSnGeAzCK-FsD1AJZwxnmKDn3
[07/08/2022 - 03:47:49.707 DEBUG] (\localModules\someFunctions.js:263:12): oauthResult,[object Response]
[07/08/2022 - 03:48:54.417 DEBUG] (\localModules\someFunctions.js:261:12): oauthResult,[object Response]
[07/08/2022 - 03:48:54.423 DEBUG] (\localModules\someFunctions.js:262:12): oauthResult json,[object Object]
[07/08/2022 - 03:50:18.334 DEBUG] (\localModules\someFunctions.js:243:12): 
[07/08/2022 - 03:50:18.667 DEBUG] (\localModules\someFunctions.js:264:12): oauthResult,[object Response]
[07/08/2022 - 03:50:18.673 DEBUG] (\localModules\someFunctions.js:265:12): oauthResult json,[object Object]
[07/08/2022 - 03:50:55.000 DEBUG] (\localModules\someFunctions.js:243:12): https://google.com
[07/08/2022 - 03:50:55.267 DEBUG] (\localModules\someFunctions.js:264:12): oauthResult,[object Response]
[07/08/2022 - 03:50:55.273 DEBUG] (\localModules\someFunctions.js:265:12): oauthResult json,[object Object]
[07/08/2022 - 03:51:35.813 DEBUG] (\localModules\someFunctions.js:243:12): 9wXBvUNIS83RUOjlDqBTulNngW6a25
[07/08/2022 - 03:51:36.262 DEBUG] (\localModules\someFunctions.js:264:12): oauthResult,[object Response]
[07/08/2022 - 03:51:36.274 DEBUG] (\localModules\someFunctions.js:265:12): oauthResult json,[object Object]
[07/08/2022 - 03:52:03.506 DEBUG] (\localModules\someFunctions.js:243:12): 9wXBvUNIS83RUOjlDqBTulNngW6a25
[07/08/2022 - 03:52:03.828 DEBUG] (\localModules\someFunctions.js:264:12): oauthResult,[object Response]
[07/08/2022 - 03:52:03.834 DEBUG] (\localModules\someFunctions.js:265:12): oauthResult json,[object Object]
[07/08/2022 - 03:52:32.602 DEBUG] (\localModules\someFunctions.js:243:12): EKH16WzJWYu3QAA4fkAdIEWy8PMFmM
[07/08/2022 - 03:52:32.930 DEBUG] (\localModules\someFunctions.js:264:12): oauthResult,[object Response]
[07/08/2022 - 03:52:32.939 DEBUG] (\localModules\someFunctions.js:265:12): oauthResult json,[object Object]
[07/08/2022 - 03:53:05.936 DEBUG] (\localModules\someFunctions.js:243:12): og0Def3FCKbH5Cexn8oRSjIFizW8c7
[07/08/2022 - 03:53:06.248 DEBUG] (\localModules\someFunctions.js:264:12): oauthResult,[object Response]
[07/08/2022 - 03:53:43.489 DEBUG] (\localModules\someFunctions.js:243:12): og0Def3FCKbH5Cexn8oRSjIFizW8c7
[07/08/2022 - 03:53:43.788 DEBUG] (\localModules\someFunctions.js:264:12): oauthResult,[object Response]
[07/08/2022 - 04:02:01.776 DEBUG] (\localModules\someFunctions.js:243:12): 
[07/08/2022 - 04:02:02.195 DEBUG] (\localModules\someFunctions.js:264:12): oauthResult,[object Response]
[07/08/2022 - 04:02:15.448 DEBUG] (\localModules\someFunctions.js:243:12): zegfzegf
[07/08/2022 - 04:02:15.777 DEBUG] (\localModules\someFunctions.js:264:12): oauthResult,[object Response]
[07/08/2022 - 04:02:18.319 DEBUG] (\localModules\someFunctions.js:243:12): 
[07/08/2022 - 04:02:18.645 DEBUG] (\localModules\someFunctions.js:264:12): oauthResult,[object Response]
[07/08/2022 - 04:02:20.904 DEBUG] (\localModules\someFunctions.js:243:12): 
[07/08/2022 - 04:02:21.229 DEBUG] (\localModules\someFunctions.js:264:12): oauthResult,[object Response]
[07/08/2022 - 04:02:23.787 DEBUG] (\localModules\someFunctions.js:243:12): 
[07/08/2022 - 04:02:24.192 DEBUG] (\localModules\someFunctions.js:264:12): oauthResult,[object Response]
[07/08/2022 - 04:34:27.086 DEBUG] (\localModules\someFunctions.js:243:12): 
[07/08/2022 - 04:34:27.478 DEBUG] (\localModules\someFunctions.js:264:12): oauthResult,[object Response]
[07/08/2022 - 14:40:35.039 DEBUG] (\localModules\someFunctions.js:243:12): JZxqETHaROnB7EJYVRoYNgGbiwUV2U
[07/08/2022 - 14:40:35.332 DEBUG] (\localModules\someFunctions.js:264:12): oauthResult,[object Response]
[07/08/2022 - 19:30:10.137 DEBUG] (\localModules\someFunctions.js:243:12): JZxqETHaROnB7EJYVRoYNgGbiwUV2U
[07/08/2022 - 19:30:10.404 DEBUG] (\localModules\someFunctions.js:264:12): oauthResult,[object Response]
[07/08/2022 - 19:30:12.557 DEBUG] (\localModules\someFunctions.js:243:12): JZxqETHaROnB7EJYVRoYNgGbiwUV2U
[07/08/2022 - 19:30:12.869 DEBUG] (\localModules\someFunctions.js:264:12): oauthResult,[object Response]
[07/08/2022 - 19:30:13.977 DEBUG] (\localModules\someFunctions.js:243:12): JZxqETHaROnB7EJYVRoYNgGbiwUV2U
[07/08/2022 - 19:30:14.195 DEBUG] (\localModules\someFunctions.js:264:12): oauthResult,[object Response]
[07/08/2022 - 19:30:16.575 DEBUG] (\localModules\someFunctions.js:243:12): JZxqETHaROnB7EJYVRoYNgGbiwUV2U
[07/08/2022 - 19:30:16.784 DEBUG] (\localModules\someFunctions.js:264:12): oauthResult,[object Response]
[10/08/2022 - 15:57:18.609 DEBUG] (\localModules\someFunctions.js:243:12): 
[10/08/2022 - 15:57:18.877 DEBUG] (\localModules\someFunctions.js:264:12): oauthResult,[object Response]
[11/08/2022 - 00:32:36.169 DEBUG] (\localModules\someFunctions.js:243:12): 
[11/08/2022 - 00:32:36.522 DEBUG] (\localModules\someFunctions.js:264:12): oauthResult,[object Response]
[11/08/2022 - 00:36:19.220 DEBUG] (\localModules\someFunctions.js:243:12): 
[11/08/2022 - 00:36:19.614 DEBUG] (\localModules\someFunctions.js:264:12): oauthResult,[object Response]
[11/08/2022 - 00:36:34.342 DEBUG] (\localModules\someFunctions.js:243:12): 
[11/08/2022 - 00:36:34.745 DEBUG] (\localModules\someFunctions.js:264:12): oauthResult,[object Response]
[11/08/2022 - 02:32:42.270 DEBUG] (\localModules\someFunctions.js:243:12): 
[11/08/2022 - 02:32:42.648 DEBUG] (\localModules\someFunctions.js:264:12): oauthResult,[object Response]
[11/08/2022 - 02:33:28.977 DEBUG] (\localModules\someFunctions.js:243:12): PPFDB1qOEVexSWnw0sD2b7FZLLf1Vm
[11/08/2022 - 02:33:29.314 DEBUG] (\localModules\someFunctions.js:264:12): oauthResult,[object Response]
[11/08/2022 - 02:33:36.438 DEBUG] (\localModules\someFunctions.js:243:12): 
[11/08/2022 - 02:33:36.826 DEBUG] (\localModules\someFunctions.js:264:12): oauthResult,[object Response]
[11/08/2022 - 02:39:21.462 DEBUG] (\localModules\someFunctions.js:243:12): lHmzw49cVzE0oIIJ7E3brAcuwn3VaG
[11/08/2022 - 02:39:21.793 DEBUG] (\localModules\someFunctions.js:264:12): oauthResult,[object Response]
[11/08/2022 - 20:46:34.350 DEBUG] (\localModules\someFunctions.js:243:12): 
[11/08/2022 - 20:46:34.620 DEBUG] (\localModules\someFunctions.js:264:12): oauthResult,[object Response]
[11/08/2022 - 20:46:49.693 DEBUG] (\localModules\someFunctions.js:243:12): 
[11/08/2022 - 20:46:49.974 DEBUG] (\localModules\someFunctions.js:264:12): oauthResult,[object Response]
[11/08/2022 - 20:48:47.302 DEBUG] (\localModules\someFunctions.js:243:12): WUQwUdA4eNhStDgea40uy6nF3p38S0
[11/08/2022 - 20:48:47.587 DEBUG] (\localModules\someFunctions.js:264:12): oauthResult,[object Response]
[11/08/2022 - 20:48:53.044 DEBUG] (\localModules\someFunctions.js:243:12): WUQwUdA4eNhStDgea40uy6nF3p38S0
[11/08/2022 - 20:48:53.270 DEBUG] (\localModules\someFunctions.js:264:12): oauthResult,[object Response]
[11/08/2022 - 20:49:02.351 DEBUG] (\localModules\someFunctions.js:243:12): zgg28oh3QFNkuzqVvzcwHugZsUy42Q
[11/08/2022 - 20:49:02.573 DEBUG] (\localModules\someFunctions.js:264:12): oauthResult,[object Response]
[12/08/2022 - 00:21:31.330 DEBUG] (\localModules\someFunctions.js:243:12): 
[12/08/2022 - 00:21:31.691 DEBUG] (\localModules\someFunctions.js:264:12): oauthResult,[object Response]
[12/08/2022 - 00:22:35.605 DEBUG] (\localModules\someFunctions.js:243:12): 
[12/08/2022 - 00:22:35.983 DEBUG] (\localModules\someFunctions.js:264:12): oauthResult,[object Response]
[12/08/2022 - 00:22:41.298 DEBUG] (\localModules\someFunctions.js:243:12): 
[12/08/2022 - 00:22:41.585 DEBUG] (\localModules\someFunctions.js:264:12): oauthResult,[object Response]
[12/08/2022 - 00:22:58.094 DEBUG] (\localModules\someFunctions.js:243:12): 8uKqdBNiDizI2wcnwTimbpwCVQrgWU
[12/08/2022 - 00:22:58.373 DEBUG] (\localModules\someFunctions.js:264:12): oauthResult,[object Response]
[12/08/2022 - 00:23:58.221 DEBUG] (\localModules\someFunctions.js:243:12): clientSecret,clK8z3wJSnGeAzCK-FsD1AJZwxnmKDn3
[12/08/2022 - 00:23:58.223 DEBUG] (\localModules\someFunctions.js:245:12): 8uKqdBNiDizI2wcnwTimbpwCVQrgWU
[12/08/2022 - 00:23:58.506 DEBUG] (\localModules\someFunctions.js:266:12): oauthResult,[object Response]
[12/08/2022 - 00:26:18.720 DEBUG] (\localModules\someFunctions.js:243:12): clientSecret,clK8z3wJSnGeAzCK-FsD1AJZwxnmKDn3
[12/08/2022 - 00:26:18.724 DEBUG] (\localModules\someFunctions.js:245:12): 8uKqdBNiDizI2wcnwTimbpwCVQrgWU
[12/08/2022 - 00:26:18.997 DEBUG] (\localModules\someFunctions.js:266:12): oauthResult,[object Response]
[12/08/2022 - 00:26:23.602 DEBUG] (\localModules\someFunctions.js:243:12): clientSecret,clK8z3wJSnGeAzCK-FsD1AJZwxnmKDn3
[12/08/2022 - 00:26:23.603 DEBUG] (\localModules\someFunctions.js:245:12): 8uKqdBNiDizI2wcnwTimbpwCVQrgWU
[12/08/2022 - 00:26:23.891 DEBUG] (\localModules\someFunctions.js:266:12): oauthResult,[object Response]
[12/08/2022 - 00:28:43.709 DEBUG] (\localModules\someFunctions.js:243:12): https://discord.com/oauth2/authorize?client_id=1005628956965343253
[12/08/2022 - 00:28:44.119 DEBUG] (\localModules\someFunctions.js:264:12): oauthResult,[object Response]
[12/08/2022 - 00:28:46.058 DEBUG] (\localModules\someFunctions.js:243:12): 8uKqdBNiDizI2wcnwTimbpwCVQrgWU
[12/08/2022 - 00:28:46.349 DEBUG] (\localModules\someFunctions.js:264:12): oauthResult,[object Response]
[12/08/2022 - 00:29:50.793 DEBUG] (\localModules\someFunctions.js:243:12): GWEJUsLbDgsOFUQxkqWIZlQ4vu5t8E
[12/08/2022 - 00:29:51.158 DEBUG] (\localModules\someFunctions.js:264:12): oauthResult,[object Response]
[12/08/2022 - 00:31:54.985 DEBUG] (\localModules\someFunctions.js:243:12): 4p4Q91IJUKrOwa8Fn4XNY6jKfkerlQ
[12/08/2022 - 00:31:55.379 DEBUG] (\localModules\someFunctions.js:264:12): oauthResult,[object Response]
[12/08/2022 - 00:33:59.165 DEBUG] (\localModules\someFunctions.js:243:12): x6U30kbyIu79u6EgZLDWMGEdJJpoic
[12/08/2022 - 00:33:59.475 DEBUG] (\localModules\someFunctions.js:264:12): oauthResult,[object Response]
